Using pre-set license
Built from '2021.1/staging' branch; Version is '2021.1.18f1 (25bdc3efbc2d) revision 2473411'; Using compiler version '192528614'; Build Type 'Release'
OS: 'Windows 10 Home; OS build 19043.1526; Version 2009; 64bit' Language: 'en' Physical Memory: 16221 MB
BatchMode: 1, IsHumanControllingUs: 0, StartBugReporterOnCrash: 0, Is64bit: 1, IsPro: 0

COMMAND LINE ARGUMENTS:
C:\Program Files\Unity\Hub\Editor\2021.1.18f1\Editor\Unity.exe
-adb2
-batchMode
-noUpm
-name
AssetImportWorker0
-projectPath
C:/tmp/unity adventure golem/NAVIA/UNITY
-logFile
Logs/AssetImportWorker0.log
-srvPort
60116
Successfully changed project path to: C:/tmp/unity adventure golem/NAVIA/UNITY
C:/tmp/unity adventure golem/NAVIA/UNITY
Using Asset Import Pipeline V2.
Refreshing native plugins compatible for Editor in 85.25 ms, found 3 plugins.
Preloading 0 native plugins for Editor in 0.00 ms.
Initialize engine version: 2021.1.18f1 (25bdc3efbc2d)
[Subsystems] Discovering subsystems at path C:/Program Files/Unity/Hub/Editor/2021.1.18f1/Editor/Data/Resources/UnitySubsystems
[Subsystems] Discovering subsystems at path C:/tmp/unity adventure golem/NAVIA/UNITY/Assets
GfxDevice: creating device client; threaded=0; jobified=0
Direct3D:
    Version:  Direct3D 11.0 [level 11.1]
    Renderer: NVIDIA GeForce RTX 3070 (ID=0x2488)
    Vendor:   NVIDIA
    VRAM:     8043 MB
    Driver:   30.0.15.1179
Initialize mono
Mono path[0] = 'C:/Program Files/Unity/Hub/Editor/2021.1.18f1/Editor/Data/Managed'
Mono path[1] = 'C:/Program Files/Unity/Hub/Editor/2021.1.18f1/Editor/Data/MonoBleedingEdge/lib/mono/unityjit'
Mono config path = 'C:/Program Files/Unity/Hub/Editor/2021.1.18f1/Editor/Data/MonoBleedingEdge/etc'
Using monoOptions --debugger-agent=transport=dt_socket,embedding=1,server=y,suspend=n,address=127.0.0.1:56476
Begin MonoManager ReloadAssembly
Registering precompiled unity dll's ...
Register platform support module: C:/Program Files/Unity/Hub/Editor/2021.1.18f1/Editor/Data/PlaybackEngines/WindowsStandaloneSupport/UnityEditor.WindowsStandalone.Extensions.dll
Registered in 0.001271 seconds.
Native extension for WindowsStandalone target not found
Refreshing native plugins compatible for Editor in 87.28 ms, found 3 plugins.
Preloading 0 native plugins for Editor in 0.00 ms.
Mono: successfully reloaded assembly
- Completed reload, in  0.821 seconds
Domain Reload Profiling:
	ReloadAssembly (821ms)
		BeginReloadAssembly (60ms)
			ExecutionOrderSort (0ms)
			DisableScriptedObjects (0ms)
			BackupInstance (0ms)
			ReleaseScriptingObjects (0ms)
			CreateAndSetChildDomain (1ms)
		EndReloadAssembly (342ms)
			LoadAssemblies (59ms)
			RebuildTransferFunctionScriptingTraits (0ms)
			SetupTypeCache (107ms)
			ReleaseScriptCaches (0ms)
			RebuildScriptCaches (22ms)
			SetupLoadedEditorAssemblies (181ms)
				LogAssemblyErrors (0ms)
				InitializePlatformSupportModulesInManaged (4ms)
				SetLoadedEditorAssemblies (0ms)
				RefreshPlugins (87ms)
				BeforeProcessingInitializeOnLoad (1ms)
				ProcessInitializeOnLoadAttributes (67ms)
				ProcessInitializeOnLoadMethodAttributes (21ms)
				AfterProcessingInitializeOnLoad (0ms)
				EditorAssembliesLoaded (0ms)
			ExecutionOrderSort2 (0ms)
			AwakeInstancesAfterBackupRestoration (0ms)
Platform modules already initialized, skipping
Registering precompiled user dll's ...
Registered in 0.006549 seconds.
Begin MonoManager ReloadAssembly
Symbol file LoadedFromMemory doesn't match image C:\tmp\unity adventure golem\NAVIA\UNITY\Library\PackageCache\com.unity.visualscripting@1.6.1\Editor\VisualScripting.Core\Dependencies\YamlDotNet\Unity.VisualScripting.YamlDotNet.dll
Symbol file LoadedFromMemory doesn't match image C:\tmp\unity adventure golem\NAVIA\UNITY\Library\PackageCache\com.unity.visualscripting@1.6.1\Editor\VisualScripting.Core\Dependencies\DotNetZip\Unity.VisualScripting.IonicZip.dll
Native extension for WindowsStandalone target not found
Refreshing native plugins compatible for Editor in 98.54 ms, found 3 plugins.
Preloading 0 native plugins for Editor in 0.00 ms.
Mono: successfully reloaded assembly
- Completed reload, in  1.377 seconds
Domain Reload Profiling:
	ReloadAssembly (1378ms)
		BeginReloadAssembly (119ms)
			ExecutionOrderSort (0ms)
			DisableScriptedObjects (3ms)
			BackupInstance (0ms)
			ReleaseScriptingObjects (0ms)
			CreateAndSetChildDomain (14ms)
		EndReloadAssembly (1216ms)
			LoadAssemblies (112ms)
			RebuildTransferFunctionScriptingTraits (0ms)
			SetupTypeCache (271ms)
			ReleaseScriptCaches (0ms)
			RebuildScriptCaches (41ms)
			SetupLoadedEditorAssemblies (748ms)
				LogAssemblyErrors (0ms)
				InitializePlatformSupportModulesInManaged (3ms)
				SetLoadedEditorAssemblies (0ms)
				RefreshPlugins (99ms)
				BeforeProcessingInitializeOnLoad (78ms)
				ProcessInitializeOnLoadAttributes (561ms)
				ProcessInitializeOnLoadMethodAttributes (4ms)
				AfterProcessingInitializeOnLoad (4ms)
				EditorAssembliesLoaded (0ms)
			ExecutionOrderSort2 (0ms)
			AwakeInstancesAfterBackupRestoration (4ms)
Platform modules already initialized, skipping
========================================================================
Worker process is ready to serve import requests
Launched and connected shader compiler UnityShaderCompiler.exe after 0.06 seconds
Refreshing native plugins compatible for Editor in 0.55 ms, found 3 plugins.
Preloading 0 native plugins for Editor in 0.00 ms.
Unloading 4746 Unused Serialized files (Serialized files now loaded: 0)
System memory in use before: 264.1 MB.
System memory in use after: 264.3 MB.

Unloading 28 unused Assets to reduce memory usage. Loaded Objects now: 5193.
Total: 2.679400 ms (FindLiveObjects: 0.197500 ms CreateObjectMapping: 0.118300 ms MarkObjects: 2.272200 ms  DeleteObjects: 0.090300 ms)

AssetImportParameters requested are different than current active one (requested -> active):
  custom:framework-win-MediaFoundation: 216162199b28c13a410421893ffa2e32 -> 
  custom:video-decoder-ogg-theora: a1e56fd34408186e4bbccfd4996cb3dc -> 
  custom:container-muxer-webm: aa71ff27fc2769a1b78a27578f13a17b -> 
  custom:container-demuxer-webm: 4f35f7cbe854078d1ac9338744f61a02 -> 
  custom:container-demuxer-ogg: 62fdf1f143b41e24485cea50d1cbac27 -> 
  custom:video-encoder-webm-vp8: eb34c28f22e8b96e1ab97ce403110664 -> 
  custom:video-decoder-webm-vp8: 9c59270c3fd7afecdb556c50c9e8de78 -> 
  custom:audio-decoder-ogg-vorbis: bf7c407c2cedff20999df2af8eb42d56 -> 
  custom:audio-encoder-webm-vorbis: bf7c407c2cedff20999df2af8eb42d56 -> 
========================================================================
Received Import Request.
  path: Assets/ENVIRONMENT/MESH/pine tree.fbx
  artifactKey: Guid(58509a187c156f940a5b4d18f9c210ff) Importer(815301076,1909f56bfc062723c751e8b465ee728b)
Start importing Assets/ENVIRONMENT/MESH/pine tree.fbx using Guid(58509a187c156f940a5b4d18f9c210ff) Importer(815301076,1909f56bfc062723c751e8b465ee728b)  -> (artifact id: '7c4e0c18bd591be599219b8bac2595c0') in 0.229242 seconds 
========================================================================
Received Import Request.
  Time since last request: 3.668429 seconds.
  path: Assets/ENVIRONMENT/MESH/pine tree.fbx
  artifactKey: Guid(58509a187c156f940a5b4d18f9c210ff) Importer(815301076,1909f56bfc062723c751e8b465ee728b)
Start importing Assets/ENVIRONMENT/MESH/pine tree.fbx using Guid(58509a187c156f940a5b4d18f9c210ff) Importer(815301076,1909f56bfc062723c751e8b465ee728b)  -> (artifact id: '8093d6e1c7684b258b6bf2052c0bd2dc') in 0.046757 seconds 
========================================================================
Received Import Request.
  Time since last request: 26.648526 seconds.
  path: Assets/ENVIRONMENT/Mats/ocean 1.mat
  artifactKey: Guid(9d0075a0d417f454d9a15b41b7f548b2) Importer(815301076,1909f56bfc062723c751e8b465ee728b)
Start importing Assets/ENVIRONMENT/Mats/ocean 1.mat using Guid(9d0075a0d417f454d9a15b41b7f548b2) Importer(815301076,1909f56bfc062723c751e8b465ee728b)  -> (artifact id: 'be4dc5a50f156b2b2b82bda60436de21') in 0.017625 seconds 
========================================================================
Received Import Request.
  Time since last request: 0.000170 seconds.
  path: Assets/ENVIRONMENT/Mats/ocean.mat
  artifactKey: Guid(b10fd6374b44c844cbe5551ac7b1e0e7) Importer(815301076,1909f56bfc062723c751e8b465ee728b)
Start importing Assets/ENVIRONMENT/Mats/ocean.mat using Guid(b10fd6374b44c844cbe5551ac7b1e0e7) Importer(815301076,1909f56bfc062723c751e8b465ee728b)  -> (artifact id: '1df7a77a1a5092615aeb2e15eb44a259') in 0.013244 seconds 
========================================================================
Received Import Request.
  Time since last request: 63.916498 seconds.
  path: Assets/SPRITES/pixil-frame-0 (15).png
  artifactKey: Guid(b4512fa7aa5a09c40a9a67b7d0feced2) Importer(815301076,1909f56bfc062723c751e8b465ee728b)
Start importing Assets/SPRITES/pixil-frame-0 (15).png using Guid(b4512fa7aa5a09c40a9a67b7d0feced2) Importer(815301076,1909f56bfc062723c751e8b465ee728b)  -> (artifact id: '7c331b52b7d37150e2ff71b095ac7663') in 0.014191 seconds 
========================================================================
Received Import Request.
  Time since last request: 6.423924 seconds.
  path: Assets/SPRITES/pixil-frame-0 (15).png
  artifactKey: Guid(b4512fa7aa5a09c40a9a67b7d0feced2) Importer(815301076,1909f56bfc062723c751e8b465ee728b)
Start importing Assets/SPRITES/pixil-frame-0 (15).png using Guid(b4512fa7aa5a09c40a9a67b7d0feced2) Importer(815301076,1909f56bfc062723c751e8b465ee728b)  -> (artifact id: '30c487c9c670e0737aa0e5d4f45e83ad') in 0.018970 seconds 
========================================================================
Received Import Request.
  Time since last request: 10.539066 seconds.
  path: Assets/ENVIRONMENT/Mats/pine leaves.mat
  artifactKey: Guid(1145bebf9fa1ffc49bc8aa72e80be863) Importer(815301076,1909f56bfc062723c751e8b465ee728b)
Start importing Assets/ENVIRONMENT/Mats/pine leaves.mat using Guid(1145bebf9fa1ffc49bc8aa72e80be863) Importer(815301076,1909f56bfc062723c751e8b465ee728b)  -> (artifact id: '5ff72c5ffac4f4916b651e431d50c0c7') in 0.033247 seconds 
========================================================================
Received Import Request.
  Time since last request: 293.265965 seconds.
  path: Assets/ENVIRONMENT/MESH/tavern 1.fbx
  artifactKey: Guid(f2f15828616ee8d45b8cd20b50118a08) Importer(815301076,1909f56bfc062723c751e8b465ee728b)
Start importing Assets/ENVIRONMENT/MESH/tavern 1.fbx using Guid(f2f15828616ee8d45b8cd20b50118a08) Importer(815301076,1909f56bfc062723c751e8b465ee728b)  -> (artifact id: 'fc65d3fab7f45257e38fca12c890fd3b') in 0.065618 seconds 
========================================================================
Received Import Request.
  Time since last request: 1.403828 seconds.
  path: Assets/ENVIRONMENT/MESH/DECor
  artifactKey: Guid(5419f853f6c199b40ae85d4d04a61d2b) Importer(815301076,1909f56bfc062723c751e8b465ee728b)
Start importing Assets/ENVIRONMENT/MESH/DECor using Guid(5419f853f6c199b40ae85d4d04a61d2b) Importer(815301076,1909f56bfc062723c751e8b465ee728b)  -> (artifact id: 'a46641b1a6b315e702a4adc9f0c7e1e9') in 0.002686 seconds 
========================================================================
Received Import Request.
  Time since last request: 0.053236 seconds.
  path: Assets/ENVIRONMENT/MESH/DECor/barel.fbx
  artifactKey: Guid(31e1fb5402d90ab4b871faf752c4db28) Importer(815301076,1909f56bfc062723c751e8b465ee728b)
Start importing Assets/ENVIRONMENT/MESH/DECor/barel.fbx using Guid(31e1fb5402d90ab4b871faf752c4db28) Importer(815301076,1909f56bfc062723c751e8b465ee728b)  -> (artifact id: '1c48f5822c9c67b52398b913e610a272') in 0.017538 seconds 
========================================================================
Received Import Request.
  Time since last request: 0.000222 seconds.
  path: Assets/ENVIRONMENT/MESH/DECor/lantern.fbx
  artifactKey: Guid(ee626ad5f900a4243b039dfbe19a1c98) Importer(815301076,1909f56bfc062723c751e8b465ee728b)
Start importing Assets/ENVIRONMENT/MESH/DECor/lantern.fbx using Guid(ee626ad5f900a4243b039dfbe19a1c98) Importer(815301076,1909f56bfc062723c751e8b465ee728b)  -> (artifact id: 'baa3af5129db45baf332b50bddedc5de') in 0.022076 seconds 
========================================================================
Received Import Request.
  Time since last request: 47.518039 seconds.
  path: Assets/ENVIRONMENT/MESH/DECor/lantern.fbx
  artifactKey: Guid(ee626ad5f900a4243b039dfbe19a1c98) Importer(815301076,1909f56bfc062723c751e8b465ee728b)
Start importing Assets/ENVIRONMENT/MESH/DECor/lantern.fbx using Guid(ee626ad5f900a4243b039dfbe19a1c98) Importer(815301076,1909f56bfc062723c751e8b465ee728b)  -> (artifact id: 'd3791cc24729395117f78fd57fa471e7') in 0.042360 seconds 
========================================================================
Received Import Request.
  Time since last request: 10.929150 seconds.
  path: Assets/ENVIRONMENT/MESH/DECor/barel.fbx
  artifactKey: Guid(31e1fb5402d90ab4b871faf752c4db28) Importer(815301076,1909f56bfc062723c751e8b465ee728b)
Start importing Assets/ENVIRONMENT/MESH/DECor/barel.fbx using Guid(31e1fb5402d90ab4b871faf752c4db28) Importer(815301076,1909f56bfc062723c751e8b465ee728b)  -> (artifact id: 'a4f83a305ae8abbee06bd841cd5804e5') in 0.032745 seconds 
========================================================================
Received Import Request.
  Time since last request: 111.535931 seconds.
  path: Assets/ENVIRONMENT/Mats/town1/village wood 3.mat
  artifactKey: Guid(282133eff5a09474c9548737da2ca2dc) Importer(815301076,1909f56bfc062723c751e8b465ee728b)
Start importing Assets/ENVIRONMENT/Mats/town1/village wood 3.mat using Guid(282133eff5a09474c9548737da2ca2dc) Importer(815301076,1909f56bfc062723c751e8b465ee728b)  -> (artifact id: '4aeaa43a6b8e00167d12c8ec9c71a796') in 0.015497 seconds 
========================================================================
Received Import Request.
  Time since last request: 8.136324 seconds.
  path: Assets/ENVIRONMENT/Mats/town1/barrel.mat
  artifactKey: Guid(aa6f84d5a4688cd4ea8d8efb08bf5844) Importer(815301076,1909f56bfc062723c751e8b465ee728b)
Start importing Assets/ENVIRONMENT/Mats/town1/barrel.mat using Guid(aa6f84d5a4688cd4ea8d8efb08bf5844) Importer(815301076,1909f56bfc062723c751e8b465ee728b)  -> (artifact id: 'bcc488f556bb7d63401a69210b593bbe') in 0.010860 seconds 
========================================================================
Received Import Request.
  Time since last request: 11.826353 seconds.
  path: Assets/ENVIRONMENT/Mats/town1/barrel.mat
  artifactKey: Guid(aa6f84d5a4688cd4ea8d8efb08bf5844) Importer(815301076,1909f56bfc062723c751e8b465ee728b)
Start importing Assets/ENVIRONMENT/Mats/town1/barrel.mat using Guid(aa6f84d5a4688cd4ea8d8efb08bf5844) Importer(815301076,1909f56bfc062723c751e8b465ee728b)  -> (artifact id: 'a1f156a8b7e53665a91df6d2a3c9b57d') in 0.016648 seconds 
========================================================================
Received Import Request.
  Time since last request: 36.827741 seconds.
  path: Assets/ENVIRONMENT/Mats/town1/barrel 1.mat
  artifactKey: Guid(0466b4fcc5370b14f82067827b2b86d1) Importer(815301076,1909f56bfc062723c751e8b465ee728b)
Start importing Assets/ENVIRONMENT/Mats/town1/barrel 1.mat using Guid(0466b4fcc5370b14f82067827b2b86d1) Importer(815301076,1909f56bfc062723c751e8b465ee728b)  -> (artifact id: '184fdc42ce52af3af9deccacaa242a12') in 0.017735 seconds 
========================================================================
Received Import Request.
  Time since last request: 0.000209 seconds.
  path: Assets/ENVIRONMENT/Mats/town1/barrel.mat
  artifactKey: Guid(aa6f84d5a4688cd4ea8d8efb08bf5844) Importer(815301076,1909f56bfc062723c751e8b465ee728b)
Start importing Assets/ENVIRONMENT/Mats/town1/barrel.mat using Guid(aa6f84d5a4688cd4ea8d8efb08bf5844) Importer(815301076,1909f56bfc062723c751e8b465ee728b)  -> (artifact id: 'dbf59a461aba0fc446a4a0bf15f94754') in 0.011489 seconds 
========================================================================
Received Import Request.
  Time since last request: 32.188184 seconds.
  path: Assets/ENVIRONMENT/prefabs
  artifactKey: Guid(c7d1625872037ed46996c318443f3871) Importer(815301076,1909f56bfc062723c751e8b465ee728b)
Start importing Assets/ENVIRONMENT/prefabs using Guid(c7d1625872037ed46996c318443f3871) Importer(815301076,1909f56bfc062723c751e8b465ee728b)  -> (artifact id: 'dee8d2ebd3d43c95338e981b9f13b994') in 0.002940 seconds 
========================================================================
Received Import Request.
  Time since last request: 4.200131 seconds.
  path: Assets/ENVIRONMENT/prefabs/barel Variant.prefab
  artifactKey: Guid(f82a6f92e02970045880dc3e80570f91) Importer(815301076,1909f56bfc062723c751e8b465ee728b)
Start importing Assets/ENVIRONMENT/prefabs/barel Variant.prefab using Guid(f82a6f92e02970045880dc3e80570f91) Importer(815301076,1909f56bfc062723c751e8b465ee728b)  -> (artifact id: '6acf164c471e6c3e0b123c4544e7b034') in 0.017470 seconds 
========================================================================
Received Import Request.
  Time since last request: 4.469725 seconds.
  path: Assets/ENVIRONMENT/prefabs/lantern Variant.prefab
  artifactKey: Guid(3e9ac7f85deae2e418a7f762e87a387a) Importer(815301076,1909f56bfc062723c751e8b465ee728b)
Start importing Assets/ENVIRONMENT/prefabs/lantern Variant.prefab using Guid(3e9ac7f85deae2e418a7f762e87a387a) Importer(815301076,1909f56bfc062723c751e8b465ee728b)  -> (artifact id: '1f6a5520108054123206ac39fce8b9d6') in 0.016420 seconds 
========================================================================
Received Import Request.
  Time since last request: 12.935634 seconds.
  path: Assets/ENVIRONMENT/prefabs/barel Variant.prefab
  artifactKey: Guid(f82a6f92e02970045880dc3e80570f91) Importer(815301076,1909f56bfc062723c751e8b465ee728b)
Start importing Assets/ENVIRONMENT/prefabs/barel Variant.prefab using Guid(f82a6f92e02970045880dc3e80570f91) Importer(815301076,1909f56bfc062723c751e8b465ee728b)  -> (artifact id: 'a37f53d2b526634c97638e88abdc028d') in 0.015523 seconds 
========================================================================
Received Import Request.
  Time since last request: 0.972666 seconds.
  path: Assets/ENVIRONMENT/prefabs/barel Variant.prefab
  artifactKey: Guid(f82a6f92e02970045880dc3e80570f91) Importer(815301076,1909f56bfc062723c751e8b465ee728b)
Start importing Assets/ENVIRONMENT/prefabs/barel Variant.prefab using Guid(f82a6f92e02970045880dc3e80570f91) Importer(815301076,1909f56bfc062723c751e8b465ee728b)  -> (artifact id: '5df3f4c315d45b0fb5d462094597af83') in 0.009717 seconds 
========================================================================
Received Import Request.
  Time since last request: 6.737252 seconds.
  path: Assets/ENVIRONMENT/prefabs/barel Variant.prefab
  artifactKey: Guid(f82a6f92e02970045880dc3e80570f91) Importer(815301076,1909f56bfc062723c751e8b465ee728b)
Start importing Assets/ENVIRONMENT/prefabs/barel Variant.prefab using Guid(f82a6f92e02970045880dc3e80570f91) Importer(815301076,1909f56bfc062723c751e8b465ee728b)  -> (artifact id: '9e7c763b5d320934566116fbe8e50f05') in 0.013102 seconds 
========================================================================
Received Import Request.
  Time since last request: 39.590573 seconds.
  path: Assets/UI/cloud.mat
  artifactKey: Guid(25a33d7fd8b652d4195f20a920d1606e) Importer(815301076,1909f56bfc062723c751e8b465ee728b)
Start importing Assets/UI/cloud.mat using Guid(25a33d7fd8b652d4195f20a920d1606e) Importer(815301076,1909f56bfc062723c751e8b465ee728b)  -> (artifact id: 'caf361f04016e185b99173652c114504') in 0.011278 seconds 
========================================================================
Received Prepare
Registering precompiled user dll's ...
Registered in 0.006445 seconds.
Begin MonoManager ReloadAssembly
Symbol file LoadedFromMemory doesn't match image C:\tmp\unity adventure golem\NAVIA\UNITY\Library\PackageCache\com.unity.visualscripting@1.6.1\Editor\VisualScripting.Core\Dependencies\YamlDotNet\Unity.VisualScripting.YamlDotNet.dll
Symbol file LoadedFromMemory doesn't match image C:\tmp\unity adventure golem\NAVIA\UNITY\Library\PackageCache\com.unity.visualscripting@1.6.1\Editor\VisualScripting.Core\Dependencies\DotNetZip\Unity.VisualScripting.IonicZip.dll
Native extension for WindowsStandalone target not found
Refreshing native plugins compatible for Editor in 0.59 ms, found 3 plugins.
Preloading 0 native plugins for Editor in 0.00 ms.
Mono: successfully reloaded assembly
- Completed reload, in  1.032 seconds
Domain Reload Profiling:
	ReloadAssembly (1032ms)
		BeginReloadAssembly (125ms)
			ExecutionOrderSort (0ms)
			DisableScriptedObjects (4ms)
			BackupInstance (0ms)
			ReleaseScriptingObjects (0ms)
			CreateAndSetChildDomain (34ms)
		EndReloadAssembly (868ms)
			LoadAssemblies (105ms)
			RebuildTransferFunctionScriptingTraits (0ms)
			SetupTypeCache (264ms)
			ReleaseScriptCaches (1ms)
			RebuildScriptCaches (36ms)
			SetupLoadedEditorAssemblies (363ms)
				LogAssemblyErrors (0ms)
				InitializePlatformSupportModulesInManaged (4ms)
				SetLoadedEditorAssemblies (0ms)
				RefreshPlugins (1ms)
				BeforeProcessingInitializeOnLoad (58ms)
				ProcessInitializeOnLoadAttributes (294ms)
				ProcessInitializeOnLoadMethodAttributes (3ms)
				AfterProcessingInitializeOnLoad (4ms)
				EditorAssembliesLoaded (0ms)
			ExecutionOrderSort2 (0ms)
			AwakeInstancesAfterBackupRestoration (29ms)
Platform modules already initialized, skipping
Refreshing native plugins compatible for Editor in 0.53 ms, found 3 plugins.
Preloading 0 native plugins for Editor in 0.00 ms.
Unloading 4619 Unused Serialized files (Serialized files now loaded: 0)
System memory in use before: 261.8 MB.
System memory in use after: 262.1 MB.

Unloading 23 unused Assets to reduce memory usage. Loaded Objects now: 5315.
Total: 2.800200 ms (FindLiveObjects: 0.200300 ms CreateObjectMapping: 0.114100 ms MarkObjects: 2.461200 ms  DeleteObjects: 0.023700 ms)

AssetImportParameters requested are different than current active one (requested -> active):
  custom:framework-win-MediaFoundation: 216162199b28c13a410421893ffa2e32 -> 
  custom:video-decoder-ogg-theora: a1e56fd34408186e4bbccfd4996cb3dc -> 
  custom:container-muxer-webm: aa71ff27fc2769a1b78a27578f13a17b -> 
  custom:container-demuxer-webm: 4f35f7cbe854078d1ac9338744f61a02 -> 
  custom:container-demuxer-ogg: 62fdf1f143b41e24485cea50d1cbac27 -> 
  custom:video-encoder-webm-vp8: eb34c28f22e8b96e1ab97ce403110664 -> 
  custom:video-decoder-webm-vp8: 9c59270c3fd7afecdb556c50c9e8de78 -> 
  custom:audio-decoder-ogg-vorbis: bf7c407c2cedff20999df2af8eb42d56 -> 
  custom:audio-encoder-webm-vorbis: bf7c407c2cedff20999df2af8eb42d56 -> 
========================================================================
Received Import Request.
  Time since last request: 369.754459 seconds.
  path: Assets/FOLIAGE/tree/pine tree Variant.prefab
  artifactKey: Guid(ef0eb20eb6385e1448dd43d9f585fd14) Importer(815301076,1909f56bfc062723c751e8b465ee728b)
Start importing Assets/FOLIAGE/tree/pine tree Variant.prefab using Guid(ef0eb20eb6385e1448dd43d9f585fd14) Importer(815301076,1909f56bfc062723c751e8b465ee728b)  -> (artifact id: '51b1a7258546ff22f81d7dcae3522868') in 0.113340 seconds 
========================================================================
Received Prepare
Registering precompiled user dll's ...
Registered in 0.006819 seconds.
Begin MonoManager ReloadAssembly
Symbol file LoadedFromMemory doesn't match image C:\tmp\unity adventure golem\NAVIA\UNITY\Library\PackageCache\com.unity.visualscripting@1.6.1\Editor\VisualScripting.Core\Dependencies\YamlDotNet\Unity.VisualScripting.YamlDotNet.dll
Symbol file LoadedFromMemory doesn't match image C:\tmp\unity adventure golem\NAVIA\UNITY\Library\PackageCache\com.unity.visualscripting@1.6.1\Editor\VisualScripting.Core\Dependencies\DotNetZip\Unity.VisualScripting.IonicZip.dll
Native extension for WindowsStandalone target not found
Refreshing native plugins compatible for Editor in 0.86 ms, found 3 plugins.
Preloading 0 native plugins for Editor in 0.00 ms.
Mono: successfully reloaded assembly
- Completed reload, in  1.012 seconds
Domain Reload Profiling:
	ReloadAssembly (1012ms)
		BeginReloadAssembly (121ms)
			ExecutionOrderSort (0ms)
			DisableScriptedObjects (5ms)
			BackupInstance (0ms)
			ReleaseScriptingObjects (0ms)
			CreateAndSetChildDomain (32ms)
		EndReloadAssembly (852ms)
			LoadAssemblies (109ms)
			RebuildTransferFunctionScriptingTraits (0ms)
			SetupTypeCache (249ms)
			ReleaseScriptCaches (1ms)
			RebuildScriptCaches (35ms)
			SetupLoadedEditorAssemblies (359ms)
				LogAssemblyErrors (0ms)
				InitializePlatformSupportModulesInManaged (3ms)
				SetLoadedEditorAssemblies (0ms)
				RefreshPlugins (1ms)
				BeforeProcessingInitializeOnLoad (55ms)
				ProcessInitializeOnLoadAttributes (292ms)
				ProcessInitializeOnLoadMethodAttributes (3ms)
				AfterProcessingInitializeOnLoad (4ms)
				EditorAssembliesLoaded (0ms)
			ExecutionOrderSort2 (0ms)
			AwakeInstancesAfterBackupRestoration (31ms)
Platform modules already initialized, skipping
Refreshing native plugins compatible for Editor in 0.53 ms, found 3 plugins.
Preloading 0 native plugins for Editor in 0.00 ms.
Unloading 4618 Unused Serialized files (Serialized files now loaded: 0)
System memory in use before: 261.9 MB.
System memory in use after: 262.2 MB.

Unloading 23 unused Assets to reduce memory usage. Loaded Objects now: 5354.
Total: 3.309400 ms (FindLiveObjects: 0.194700 ms CreateObjectMapping: 0.108200 ms MarkObjects: 2.979400 ms  DeleteObjects: 0.026300 ms)

AssetImportParameters requested are different than current active one (requested -> active):
  custom:framework-win-MediaFoundation: 216162199b28c13a410421893ffa2e32 -> 
  custom:video-decoder-ogg-theora: a1e56fd34408186e4bbccfd4996cb3dc -> 
  custom:container-muxer-webm: aa71ff27fc2769a1b78a27578f13a17b -> 
  custom:container-demuxer-webm: 4f35f7cbe854078d1ac9338744f61a02 -> 
  custom:container-demuxer-ogg: 62fdf1f143b41e24485cea50d1cbac27 -> 
  custom:video-encoder-webm-vp8: eb34c28f22e8b96e1ab97ce403110664 -> 
  custom:video-decoder-webm-vp8: 9c59270c3fd7afecdb556c50c9e8de78 -> 
  custom:audio-decoder-ogg-vorbis: bf7c407c2cedff20999df2af8eb42d56 -> 
  custom:audio-encoder-webm-vorbis: bf7c407c2cedff20999df2af8eb42d56 -> 
========================================================================
Received Import Request.
  Time since last request: 284.515330 seconds.
  path: Assets/ENVIRONMENT/Mats/pine leaves.mat
  artifactKey: Guid(1145bebf9fa1ffc49bc8aa72e80be863) Importer(815301076,1909f56bfc062723c751e8b465ee728b)
Start importing Assets/ENVIRONMENT/Mats/pine leaves.mat using Guid(1145bebf9fa1ffc49bc8aa72e80be863) Importer(815301076,1909f56bfc062723c751e8b465ee728b)  -> (artifact id: '22bdf2f0dd3310d207d8f5e938713302') in 0.104949 seconds 
========================================================================
Received Import Request.
  Time since last request: 13.141713 seconds.
  path: Assets/UI/pixil-frame-0 (8).png
  artifactKey: Guid(54e2436d72cadc048b19cc8ebce65d2c) Importer(815301076,1909f56bfc062723c751e8b465ee728b)
Start importing Assets/UI/pixil-frame-0 (8).png using Guid(54e2436d72cadc048b19cc8ebce65d2c) Importer(815301076,1909f56bfc062723c751e8b465ee728b)  -> (artifact id: 'a5d2deff1c7ffa14c91114c705b0e929') in 0.026427 seconds 
========================================================================
Received Prepare
Registering precompiled user dll's ...
Registered in 0.007096 seconds.
Begin MonoManager ReloadAssembly
Symbol file LoadedFromMemory doesn't match image C:\tmp\unity adventure golem\NAVIA\UNITY\Library\PackageCache\com.unity.visualscripting@1.6.1\Editor\VisualScripting.Core\Dependencies\YamlDotNet\Unity.VisualScripting.YamlDotNet.dll
Symbol file LoadedFromMemory doesn't match image C:\tmp\unity adventure golem\NAVIA\UNITY\Library\PackageCache\com.unity.visualscripting@1.6.1\Editor\VisualScripting.Core\Dependencies\DotNetZip\Unity.VisualScripting.IonicZip.dll
Native extension for WindowsStandalone target not found
Refreshing native plugins compatible for Editor in 0.62 ms, found 3 plugins.
Preloading 0 native plugins for Editor in 0.00 ms.
Mono: successfully reloaded assembly
- Completed reload, in  1.091 seconds
Domain Reload Profiling:
	ReloadAssembly (1092ms)
		BeginReloadAssembly (122ms)
			ExecutionOrderSort (0ms)
			DisableScriptedObjects (5ms)
			BackupInstance (0ms)
			ReleaseScriptingObjects (0ms)
			CreateAndSetChildDomain (33ms)
		EndReloadAssembly (925ms)
			LoadAssemblies (113ms)
			RebuildTransferFunctionScriptingTraits (0ms)
			SetupTypeCache (280ms)
			ReleaseScriptCaches (1ms)
			RebuildScriptCaches (36ms)
			SetupLoadedEditorAssemblies (386ms)
				LogAssemblyErrors (0ms)
				InitializePlatformSupportModulesInManaged (4ms)
				SetLoadedEditorAssemblies (0ms)
				RefreshPlugins (1ms)
				BeforeProcessingInitializeOnLoad (58ms)
				ProcessInitializeOnLoadAttributes (314ms)
				ProcessInitializeOnLoadMethodAttributes (3ms)
				AfterProcessingInitializeOnLoad (5ms)
				EditorAssembliesLoaded (0ms)
			ExecutionOrderSort2 (0ms)
			AwakeInstancesAfterBackupRestoration (35ms)
Platform modules already initialized, skipping
Refreshing native plugins compatible for Editor in 0.56 ms, found 3 plugins.
Preloading 0 native plugins for Editor in 0.00 ms.
Unloading 4619 Unused Serialized files (Serialized files now loaded: 0)
System memory in use before: 262.5 MB.
System memory in use after: 262.8 MB.

Unloading 23 unused Assets to reduce memory usage. Loaded Objects now: 5410.
Total: 3.002000 ms (FindLiveObjects: 0.241600 ms CreateObjectMapping: 0.223000 ms MarkObjects: 2.519300 ms  DeleteObjects: 0.017500 ms)

AssetImportParameters requested are different than current active one (requested -> active):
  custom:framework-win-MediaFoundation: 216162199b28c13a410421893ffa2e32 -> 
  custom:video-decoder-ogg-theora: a1e56fd34408186e4bbccfd4996cb3dc -> 
  custom:container-muxer-webm: aa71ff27fc2769a1b78a27578f13a17b -> 
  custom:container-demuxer-webm: 4f35f7cbe854078d1ac9338744f61a02 -> 
  custom:container-demuxer-ogg: 62fdf1f143b41e24485cea50d1cbac27 -> 
  custom:video-encoder-webm-vp8: eb34c28f22e8b96e1ab97ce403110664 -> 
  custom:video-decoder-webm-vp8: 9c59270c3fd7afecdb556c50c9e8de78 -> 
  custom:audio-decoder-ogg-vorbis: bf7c407c2cedff20999df2af8eb42d56 -> 
  custom:audio-encoder-webm-vorbis: bf7c407c2cedff20999df2af8eb42d56 -> 
========================================================================
Received Prepare
Registering precompiled user dll's ...
Registered in 0.006311 seconds.
Begin MonoManager ReloadAssembly
Symbol file LoadedFromMemory doesn't match image C:\tmp\unity adventure golem\NAVIA\UNITY\Library\PackageCache\com.unity.visualscripting@1.6.1\Editor\VisualScripting.Core\Dependencies\YamlDotNet\Unity.VisualScripting.YamlDotNet.dll
Symbol file LoadedFromMemory doesn't match image C:\tmp\unity adventure golem\NAVIA\UNITY\Library\PackageCache\com.unity.visualscripting@1.6.1\Editor\VisualScripting.Core\Dependencies\DotNetZip\Unity.VisualScripting.IonicZip.dll
Native extension for WindowsStandalone target not found
Refreshing native plugins compatible for Editor in 0.57 ms, found 3 plugins.
Preloading 0 native plugins for Editor in 0.00 ms.
Mono: successfully reloaded assembly
- Completed reload, in  0.986 seconds
Domain Reload Profiling:
	ReloadAssembly (986ms)
		BeginReloadAssembly (110ms)
			ExecutionOrderSort (0ms)
			DisableScriptedObjects (4ms)
			BackupInstance (0ms)
			ReleaseScriptingObjects (0ms)
			CreateAndSetChildDomain (28ms)
		EndReloadAssembly (835ms)
			LoadAssemblies (108ms)
			RebuildTransferFunctionScriptingTraits (0ms)
			SetupTypeCache (236ms)
			ReleaseScriptCaches (1ms)
			RebuildScriptCaches (34ms)
			SetupLoadedEditorAssemblies (375ms)
				LogAssemblyErrors (0ms)
				InitializePlatformSupportModulesInManaged (4ms)
				SetLoadedEditorAssemblies (0ms)
				RefreshPlugins (1ms)
				BeforeProcessingInitializeOnLoad (69ms)
				ProcessInitializeOnLoadAttributes (294ms)
				ProcessInitializeOnLoadMethodAttributes (3ms)
				AfterProcessingInitializeOnLoad (4ms)
				EditorAssembliesLoaded (0ms)
			ExecutionOrderSort2 (0ms)
			AwakeInstancesAfterBackupRestoration (15ms)
Platform modules already initialized, skipping
Refreshing native plugins compatible for Editor in 0.53 ms, found 3 plugins.
Preloading 0 native plugins for Editor in 0.00 ms.
Unloading 4618 Unused Serialized files (Serialized files now loaded: 0)
System memory in use before: 262.5 MB.
System memory in use after: 262.8 MB.

Unloading 23 unused Assets to reduce memory usage. Loaded Objects now: 5412.
Total: 3.172600 ms (FindLiveObjects: 0.235400 ms CreateObjectMapping: 0.109700 ms MarkObjects: 2.813100 ms  DeleteObjects: 0.013500 ms)

AssetImportParameters requested are different than current active one (requested -> active):
  custom:framework-win-MediaFoundation: 216162199b28c13a410421893ffa2e32 -> 
  custom:video-decoder-ogg-theora: a1e56fd34408186e4bbccfd4996cb3dc -> 
  custom:container-muxer-webm: aa71ff27fc2769a1b78a27578f13a17b -> 
  custom:container-demuxer-webm: 4f35f7cbe854078d1ac9338744f61a02 -> 
  custom:container-demuxer-ogg: 62fdf1f143b41e24485cea50d1cbac27 -> 
  custom:video-encoder-webm-vp8: eb34c28f22e8b96e1ab97ce403110664 -> 
  custom:video-decoder-webm-vp8: 9c59270c3fd7afecdb556c50c9e8de78 -> 
  custom:audio-decoder-ogg-vorbis: bf7c407c2cedff20999df2af8eb42d56 -> 
  custom:audio-encoder-webm-vorbis: bf7c407c2cedff20999df2af8eb42d56 -> 
========================================================================
Received Prepare
Registering precompiled user dll's ...
Registered in 0.007066 seconds.
Begin MonoManager ReloadAssembly
Symbol file LoadedFromMemory doesn't match image C:\tmp\unity adventure golem\NAVIA\UNITY\Library\PackageCache\com.unity.visualscripting@1.6.1\Editor\VisualScripting.Core\Dependencies\YamlDotNet\Unity.VisualScripting.YamlDotNet.dll
Symbol file LoadedFromMemory doesn't match image C:\tmp\unity adventure golem\NAVIA\UNITY\Library\PackageCache\com.unity.visualscripting@1.6.1\Editor\VisualScripting.Core\Dependencies\DotNetZip\Unity.VisualScripting.IonicZip.dll
Native extension for WindowsStandalone target not found
Refreshing native plugins compatible for Editor in 0.62 ms, found 3 plugins.
Preloading 0 native plugins for Editor in 0.00 ms.
Mono: successfully reloaded assembly
- Completed reload, in  0.938 seconds
Domain Reload Profiling:
	ReloadAssembly (938ms)
		BeginReloadAssembly (101ms)
			ExecutionOrderSort (0ms)
			DisableScriptedObjects (4ms)
			BackupInstance (0ms)
			ReleaseScriptingObjects (0ms)
			CreateAndSetChildDomain (26ms)
		EndReloadAssembly (799ms)
			LoadAssemblies (108ms)
			RebuildTransferFunctionScriptingTraits (0ms)
			SetupTypeCache (233ms)
			ReleaseScriptCaches (1ms)
			RebuildScriptCaches (35ms)
			SetupLoadedEditorAssemblies (346ms)
				LogAssemblyErrors (0ms)
				InitializePlatformSupportModulesInManaged (3ms)
				SetLoadedEditorAssemblies (0ms)
				RefreshPlugins (1ms)
				BeforeProcessingInitializeOnLoad (53ms)
				ProcessInitializeOnLoadAttributes (281ms)
				ProcessInitializeOnLoadMethodAttributes (3ms)
				AfterProcessingInitializeOnLoad (4ms)
				EditorAssembliesLoaded (0ms)
			ExecutionOrderSort2 (0ms)
			AwakeInstancesAfterBackupRestoration (14ms)
Platform modules already initialized, skipping
Refreshing native plugins compatible for Editor in 0.64 ms, found 3 plugins.
Preloading 0 native plugins for Editor in 0.00 ms.
Unloading 4618 Unused Serialized files (Serialized files now loaded: 0)
System memory in use before: 262.7 MB.
System memory in use after: 262.9 MB.

Unloading 23 unused Assets to reduce memory usage. Loaded Objects now: 5414.
Total: 3.205800 ms (FindLiveObjects: 0.227000 ms CreateObjectMapping: 0.129000 ms MarkObjects: 2.822400 ms  DeleteObjects: 0.026800 ms)

AssetImportParameters requested are different than current active one (requested -> active):
  custom:framework-win-MediaFoundation: 216162199b28c13a410421893ffa2e32 -> 
  custom:video-decoder-ogg-theora: a1e56fd34408186e4bbccfd4996cb3dc -> 
  custom:container-muxer-webm: aa71ff27fc2769a1b78a27578f13a17b -> 
  custom:container-demuxer-webm: 4f35f7cbe854078d1ac9338744f61a02 -> 
  custom:container-demuxer-ogg: 62fdf1f143b41e24485cea50d1cbac27 -> 
  custom:video-encoder-webm-vp8: eb34c28f22e8b96e1ab97ce403110664 -> 
  custom:video-decoder-webm-vp8: 9c59270c3fd7afecdb556c50c9e8de78 -> 
  custom:audio-decoder-ogg-vorbis: bf7c407c2cedff20999df2af8eb42d56 -> 
  custom:audio-encoder-webm-vorbis: bf7c407c2cedff20999df2af8eb42d56 -> 
========================================================================
Received Import Request.
  Time since last request: 538.146739 seconds.
  path: Assets/ENVIRONMENT/Mats/sandstone.mat
  artifactKey: Guid(9b582b110e37b68449c64cf02436a610) Importer(815301076,1909f56bfc062723c751e8b465ee728b)
Start importing Assets/ENVIRONMENT/Mats/sandstone.mat using Guid(9b582b110e37b68449c64cf02436a610) Importer(815301076,1909f56bfc062723c751e8b465ee728b)  -> (artifact id: '87f0b68e3c58fd9698e90bd1832588e1') in 0.144682 seconds 
========================================================================
Received Import Request.
  Time since last request: 39.119794 seconds.
  path: Assets/ENVIRONMENT/Mats/sandstone.mat
  artifactKey: Guid(9b582b110e37b68449c64cf02436a610) Importer(815301076,1909f56bfc062723c751e8b465ee728b)
Start importing Assets/ENVIRONMENT/Mats/sandstone.mat using Guid(9b582b110e37b68449c64cf02436a610) Importer(815301076,1909f56bfc062723c751e8b465ee728b)  -> (artifact id: '16cf3a5f054385c05f86090bb18e6b4b') in 0.016759 seconds 
========================================================================
Received Import Request.
  Time since last request: 17.133890 seconds.
  path: Assets/ENVIRONMENT/Mats/sandstone 1.mat
  artifactKey: Guid(1eba52863fcf8fd419ddd0bfa1276a11) Importer(815301076,1909f56bfc062723c751e8b465ee728b)
Start importing Assets/ENVIRONMENT/Mats/sandstone 1.mat using Guid(1eba52863fcf8fd419ddd0bfa1276a11) Importer(815301076,1909f56bfc062723c751e8b465ee728b)  -> (artifact id: '6958b360736c21deb2056ac5e8f99a06') in 0.009011 seconds 
========================================================================
Received Import Request.
  Time since last request: 5.050417 seconds.
  path: Assets/ENVIRONMENT/Mats/pillar.mat
  artifactKey: Guid(9d0f820c6d8e14e41ad839d99c24a4d0) Importer(815301076,1909f56bfc062723c751e8b465ee728b)
Start importing Assets/ENVIRONMENT/Mats/pillar.mat using Guid(9d0f820c6d8e14e41ad839d99c24a4d0) Importer(815301076,1909f56bfc062723c751e8b465ee728b)  -> (artifact id: '4188dfb7ec3fc3d7d6d84556b60370c3') in 0.012541 seconds 
========================================================================
Received Import Request.
  Time since last request: 85.066148 seconds.
  path: Assets/ENVIRONMENT/Mats/pillar.mat
  artifactKey: Guid(9d0f820c6d8e14e41ad839d99c24a4d0) Importer(815301076,1909f56bfc062723c751e8b465ee728b)
Start importing Assets/ENVIRONMENT/Mats/pillar.mat using Guid(9d0f820c6d8e14e41ad839d99c24a4d0) Importer(815301076,1909f56bfc062723c751e8b465ee728b)  -> (artifact id: '93d2a0b66272f8d3d39cfbd561efc860') in 0.016244 seconds 
========================================================================
Received Import Request.
  Time since last request: 25.793992 seconds.
  path: Assets/ENVIRONMENT/Mats/sand 1.mat
  artifactKey: Guid(49f32add23458df49b58dd78c328e9c0) Importer(815301076,1909f56bfc062723c751e8b465ee728b)
Start importing Assets/ENVIRONMENT/Mats/sand 1.mat using Guid(49f32add23458df49b58dd78c328e9c0) Importer(815301076,1909f56bfc062723c751e8b465ee728b)  -> (artifact id: '03f5bce8d9987dc729b2f32d8659a44a') in 0.010088 seconds 
AssetImportWorkerClient::OnTransportError - code=2 error=End of file
